<?xml version="1.0" encoding="UTF-8"?>
<testng-results ignored="0" total="1" passed="1" failed="0" skipped="0">
  <reporter-output>
  </reporter-output>
  <suite started-at="2022-02-03T21:56:16 IST" name="Default suite" finished-at="2022-02-03T21:56:36 IST" duration-ms="20389">
    <groups>
    </groups>
    <test started-at="2022-02-03T21:56:16 IST" name="Default test" finished-at="2022-02-03T21:56:36 IST" duration-ms="20389">
      <class name="tests.DashboardTest">
        <test-method signature="Test()[pri:0, instance:tests.DashboardTest@4f2b503c]" started-at="2022-02-03T21:56:16 IST" name="Test" finished-at="2022-02-03T21:56:36 IST" duration-ms="20208" status="PASS">
          <reporter-output>
          </reporter-output>
        </test-method> <!-- Test -->
        <test-method is-config="true" signature="Testend()[pri:0, instance:tests.DashboardTest@4f2b503c]" started-at="2022-02-03T21:56:36 IST" name="Testend" finished-at="2022-02-03T21:56:36 IST" duration-ms="141" status="PASS">
          <reporter-output>
          </reporter-output>
        </test-method> <!-- Testend -->
      </class> <!-- tests.DashboardTest -->
    </test> <!-- Default test -->
  </suite> <!-- Default suite -->
</testng-results>
